<?xml version="1.0" encoding="UTF-8"?>
<testsuite name="tests.LogOutTest" tests="1" skipped="0" failures="0" errors="0" timestamp="2019-02-25T15:53:31" hostname="LenovoUser-PC" time="8.571">
  <properties/>
  <testcase name="logOutTest" classname="tests.LogOutTest" time="8.571"/>
  <system-out><![CDATA[searchBy.xpath: //*[@class='header-btn-icon icon-lg icon-house light']
By.xpath: //*[@class='header-btn-icon icon-lg icon-house light']found
searchBy.cssSelector: img.member-avatar
By.cssSelector: img.member-avatarfound
!!!***********************!!!
org.openqa.selenium.UnsupportedCommandException: actions
Build info: version: '3.141.59', revision: 'e82be7d358', time: '2018-11-14T08:17:03'
System info: host: 'LENOVOUSER-PC', ip: '192.168.56.1', os.name: 'Windows 7', os.arch: 'amd64', os.version: '6.1', java.version: '1.8.0_202'
Driver info: driver.version: EventFiringWebDriver
screenshot: screenshot-1551110012519.png
!!!***********************!!!
searchBy.cssSelector: a.js-logout
By.cssSelector: a.js-logoutfound
searchBy.xpath: //*[@class='header-btn-icon icon-lg icon-house light']
!!!***********************!!!
org.openqa.selenium.NoSuchElementException: no such element: Unable to locate element: {"method":"xpath","selector":"//*[@class='header-btn-icon icon-lg icon-house light']"}
  (Session info: chrome=72.0.3626.119)
  (Driver info: chromedriver=72.0.3626.69 (3c16f8a135abc0d4da2dff33804db79b849a7c38),platform=Windows NT 6.1.7601 SP1 x86_64) (WARNING: The server did not provide any stacktrace information)
Command duration or timeout: 0 milliseconds
For documentation on this error, please visit: https://www.seleniumhq.org/exceptions/no_such_element.html
Build info: version: '3.141.59', revision: 'e82be7d358', time: '2018-11-14T08:17:03'
System info: host: 'LENOVOUSER-PC', ip: '192.168.56.1', os.name: 'Windows 7', os.arch: 'amd64', os.version: '6.1', java.version: '1.8.0_202'
Driver info: org.openqa.selenium.chrome.ChromeDriver
Capabilities {acceptInsecureCerts: false, acceptSslCerts: false, applicationCacheEnabled: false, browserConnectionEnabled: false, browserName: chrome, chrome: {chromedriverVersion: 72.0.3626.69 (3c16f8a135abc..., userDataDir: C:\Users\LENOVO~1\AppData\L...}, cssSelectorsEnabled: true, databaseEnabled: false, goog:chromeOptions: {debuggerAddress: localhost:55924}, handlesAlerts: true, hasTouchScreen: false, javascriptEnabled: true, locationContextEnabled: true, mobileEmulationEnabled: false, nativeEvents: true, networkConnectionEnabled: false, pageLoadStrategy: normal, platform: XP, platformName: XP, proxy: Proxy(), rotatable: false, setWindowRect: true, takesHeapSnapshot: true, takesScreenshot: true, timeouts: {implicit: 0, pageLoad: 300000, script: 30000}, unexpectedAlertBehaviour: ignore, unhandledPromptBehavior: ignore, version: 72.0.3626.119, webStorageEnabled: true}
Session ID: 008a63f915e400a4f777afb1060b6c7e
*** Element info: {Using=xpath, value=//*[@class='header-btn-icon icon-lg icon-house light']}
screenshot: screenshot-1551110020480.png
!!!***********************!!!
]]></system-out>
  <system-err><![CDATA[]]></system-err>
</testsuite>
