<?xml version="1.0" encoding="UTF-8"?>
<testsuite name="tests.DeleteTeamTest" tests="1" skipped="0" failures="0" errors="0" timestamp="2019-02-25T15:53:27" hostname="LenovoUser-PC" time="3.898">
  <properties/>
  <testcase name="deleteTeamFromLeftNavMenu" classname="tests.DeleteTeamTest" time="3.898"/>
  <system-out><![CDATA[searchBy.xpath: //*[@class='header-btn-icon icon-lg icon-house light']
By.xpath: //*[@class='header-btn-icon icon-lg icon-house light']found
searchBy.cssSelector: [data-test-id^='home-team-tab-section']
By.cssSelector: [data-test-id^='home-team-tab-section']found
searchBy.cssSelector: [data-test-id^='home-team-tab-section']
By.cssSelector: [data-test-id^='home-team-tab-section']found
searchBy.xpath: //*[contains(text(), 'Settings')]
By.xpath: //*[contains(text(), 'Settings')]found
searchBy.xpath: //span[contains(text(),'Delete this team?')]
By.xpath: //span[contains(text(),'Delete this team?')]found
searchBy.xpath: //*[@class='js-confirm full negate']
By.xpath: //*[@class='js-confirm full negate']found
searchBy.cssSelector: [data-test-id^='home-team-tab-section']
By.cssSelector: [data-test-id^='home-team-tab-section']found
]]></system-out>
  <system-err><![CDATA[]]></system-err>
</testsuite>
